<?xml version="1.0" encoding="UTF-8"?>
<!-- Generated by org.testng.reporters.JUnitReportReporter -->
<testsuite hostname="KSR" failures="0" tests="1" name="TestNgPractice.Annotations_Usage" time="13.579" errors="0" timestamp="2022-08-03T08:10:57 IST" skipped="0">
  <testcase classname="TestNgPractice.Annotations_Usage" name="ordeofannotation" time="13.579"/>
  <system-out/>
</testsuite> <!-- TestNgPractice.Annotations_Usage -->
