<?xml version="1.0" encoding="UTF-8"?>
<!-- Generated by org.testng.reporters.JUnitReportReporter -->
<testsuite hostname="KSR" failures="0" tests="2" name="CrossBrowser_Testing.TestCrossbRwsr" time="23.876" errors="0" timestamp="2022-08-10T08:22:11 IST" skipped="0">
  <testcase classname="CrossBrowser_Testing.TestCrossbRwsr" name="crossbrwsrTest" time="16.090"/>
  <system-out/>
  <testcase classname="CrossBrowser_Testing.TestCrossbRwsr" name="crossbrwsrTest" time="7.786"/>
  <system-out/>
</testsuite> <!-- CrossBrowser_Testing.TestCrossbRwsr -->
