<?xml version="1.0" encoding="UTF-8"?>
<!-- Generated by org.testng.reporters.JUnitReportReporter -->
<testsuite hostname="KSR" failures="0" tests="1" name="TestNgPractice.Close_Browser" time="0.823" errors="0" timestamp="2022-08-03T08:27:12 IST" skipped="0">
  <testcase classname="TestNgPractice.Close_Browser" name="urltest" time="0.823"/>
  <system-out/>
</testsuite> <!-- TestNgPractice.Close_Browser -->
