<?xml version="1.0" encoding="UTF-8"?>
<!-- Generated by org.testng.reporters.JUnitReportReporter -->
<testsuite hostname="KSR" failures="0" tests="5" name="TestNgPractice.Priority_Example_Annotation_order" time="0.016" errors="0" timestamp="2022-08-03T08:10:57 IST" skipped="0">
  <testcase classname="TestNgPractice.Priority_Example_Annotation_order" name="test" time="0.005"/>
  <system-out/>
  <testcase classname="TestNgPractice.Priority_Example_Annotation_order" name="test2" time="0.003"/>
  <system-out/>
  <testcase classname="TestNgPractice.Priority_Example_Annotation_order" name="test3" time="0.002"/>
  <system-out/>
  <testcase classname="TestNgPractice.Priority_Example_Annotation_order" name="test4" time="0.003"/>
  <system-out/>
  <testcase classname="TestNgPractice.Priority_Example_Annotation_order" name="test5" time="0.003"/>
  <system-out/>
</testsuite> <!-- TestNgPractice.Priority_Example_Annotation_order -->
