<?xml version="1.0" encoding="UTF-8"?>
<!-- Generated by org.testng.reporters.JUnitReportReporter -->
<testsuite hostname="KSR" failures="0" tests="1" name="ExcelData_Reading.Read_Data_From_Excel" time="10.953" errors="0" timestamp="2022-08-10T08:03:37 IST" skipped="0">
  <testcase classname="ExcelData_Reading.Read_Data_From_Excel" name="reddata" time="10.953"/>
  <system-out/>
</testsuite> <!-- ExcelData_Reading.Read_Data_From_Excel -->
