<?xml version="1.0" encoding="UTF-8"?>
<!-- Generated by org.testng.reporters.JUnitReportReporter -->
<testsuite hostname="KSR" failures="0" tests="2" name="TestNgPractice.priorityExaple" time="4.220" errors="0" timestamp="2022-08-03T08:10:57 IST" skipped="0">
  <testcase classname="TestNgPractice.priorityExaple" name="googleTittle" time="2.498"/>
  <system-out/>
  <testcase classname="TestNgPractice.priorityExaple" name="zflipkartTittle" time="1.722"/>
  <system-out/>
</testsuite> <!-- TestNgPractice.priorityExaple -->
