<?xml version="1.0" encoding="UTF-8"?>
<!-- Generated by org.testng.reporters.JUnitReportReporter -->
<testsuite hostname="KSR" failures="0" tests="3" name="TestNgPractice.Data_Provider_Example" time="9.280" errors="0" timestamp="2022-08-05T08:37:36 IST" skipped="0">
  <testcase classname="TestNgPractice.Data_Provider_Example" name="urltest" time="2.330"/>
  <system-out/>
  <testcase classname="TestNgPractice.Data_Provider_Example" name="urltest" time="4.177"/>
  <system-out/>
  <testcase classname="TestNgPractice.Data_Provider_Example" name="urltest" time="2.773"/>
  <system-out/>
</testsuite> <!-- TestNgPractice.Data_Provider_Example -->
